<?xml version="1.0" encoding="UTF-8"?>
<testsuite name="UnitTests" tests="14" skipped="0" failures="0" errors="0" timestamp="2021-01-05T14:25:13" hostname="Ians-MacBook-Pro-2.local" time="0.043">
  <properties/>
  <testcase name="livestockSheep" classname="UnitTests" time="0.018"/>
  <testcase name="fieldDiseaseCheck" classname="UnitTests" time="0.001"/>
  <testcase name="testFarm" classname="UnitTests" time="0.007"/>
  <testcase name="getCurrentCostOfAnimal" classname="UnitTests" time="0.0"/>
  <testcase name="livestockFieldCycleForPregnantSheep" classname="UnitTests" time="0.0"/>
  <testcase name="livestockFieldCycleForPregnantCows" classname="UnitTests" time="0.001"/>
  <testcase name="testSheepFemale" classname="UnitTests" time="0.0"/>
  <testcase name="testFarmLevelTwo" classname="UnitTests" time="0.003"/>
  <testcase name="checkFarmCycle" classname="UnitTests" time="0.01"/>
  <testcase name="testCycleLivestockField" classname="UnitTests" time="0.0"/>
  <testcase name="cropField" classname="UnitTests" time="0.0"/>
  <testcase name="runGame" classname="UnitTests" time="0.0"/>
  <testcase name="disease" classname="UnitTests" time="0.0"/>
  <testcase name="testLivestock" classname="UnitTests" time="0.0"/>
  <system-out><![CDATA[
*** This animal has died ***

This animal has died.ram

*** This animal has died ***

This animal has died.ewe

 Your flock is unable to expand without a ram old enough in it.

-------------------------------------- 


Field:	sheep
Crop has caught disease during the night.


-------------------------------------- 


 Your flock is unable to expand without a ram old enough in it.
This field has been diseased for a full cycle. It is now destroyed
This field has been diseased for a full cycle. It is now destroyed
A ewe has been born.
A calf has been born.
	 ~Sunrise~
Field type: wheat, days since planted: 0, days till harvest: 9
Does this field have disease: false
Is this field destroyed: false
	 ~sunset~
	 ~sunset~
Field type: maize, days since planted: 0, days till harvest: 8
Does this field have disease: false
Is this field destroyed: false
	 ~sunset~
	 ~sunset~

-------------------------------------- 


Field:	maize --> Crop has caught disease during the night.


-------------------------------------- 

]]></system-out>
  <system-err><![CDATA[]]></system-err>
</testsuite>
